<?xml version="1.0" encoding="UTF-8"?>
<!-- Generated by org.testng.reporters.JUnitReportReporter -->
<testsuite hostname="DESKTOP-QQACKJ4" name="runner.RunCukes" tests="1" failures="0" timestamp="6 Mar 2018 21:29:39 GMT" time="284.744" errors="0">
  <testcase name="feature" time="284.744" classname="runner.RunCukes"/>
</testsuite> <!-- runner.RunCukes -->
